[11388:11052:1124/084415:VERBOSE1:crash_service_main.cc(68)] Session start. cmdline is [--reporter-url=http://54.249.141.255:1127/post --application-name=Atom --v=1]
[11388:11052:1124/084415:VERBOSE1:crash_service.cc(142)] window handle is 00090914
[11388:11052:1124/084415:VERBOSE1:crash_service.cc(290)] pipe name is \\.\pipe\Atom Crash Service
dumps at C:\Users\CHRIST~1\AppData\Local\Temp\Atom Crashes
[11388:11052:1124/084415:VERBOSE1:crash_service.cc(294)] checkpoint is C:\Users\CHRIST~1\AppData\Local\Temp\Atom Crashes\crash_checkpoint.txt
server is http://54.249.141.255:1127/post
maximum 128 reports/day
reporter is electron-crash-service
[11388:11052:1124/084415:VERBOSE1:crash_service_main.cc(84)] Ready to process crash requests
[11388:11268:1124/084415:VERBOSE1:crash_service.cc(323)] client start. pid = 5200
[11388:11268:1124/084419:VERBOSE1:crash_service.cc(323)] client start. pid = 8448
[7748:11628:1124/084419:VERBOSE1:crash_service_main.cc(68)] Session start. cmdline is [--reporter-url=http://54.249.141.255:1127/post --application-name=Atom --v=1]
[7748:11628:1124/084419:VERBOSE1:crash_service.cc(142)] window handle is 0002094A
[7748:11628:1124/084419:VERBOSE1:crash_service.cc(290)] pipe name is \\.\pipe\Atom Crash Service
dumps at C:\Users\CHRIST~1\AppData\Local\Temp\Atom Crashes
[7748:11628:1124/084419:VERBOSE1:crash_service.cc(294)] checkpoint is C:\Users\CHRIST~1\AppData\Local\Temp\Atom Crashes\crash_checkpoint.txt
server is http://54.249.141.255:1127/post
maximum 128 reports/day
reporter is electron-crash-service
[7748:11628:1124/084419:ERROR:crash_service.cc(301)] could not start dumper
[11388:11508:1124/084532:VERBOSE1:crash_service.cc(331)] client end. pid = 8448
[11388:11508:1124/084532:VERBOSE1:crash_service.cc(331)] client end. pid = 5200
[11388:11508:1124/084533:VERBOSE1:crash_service.cc(352)] zero clients. exiting
[11388:11052:1124/084533:VERBOSE1:crash_service.cc(490)] session ending..
[11388:11052:1124/084533:VERBOSE1:crash_service.cc(495)] clients connected :2
clients terminated :2
dumps serviced :0
dumps reported :0
[11388:11052:1124/084533:VERBOSE1:crash_service_main.cc(89)] Session end. return code is 0
